have_func: checking for rb_absint_size()... -------------------- yes

LD_LIBRARY_PATH=.:/home/ec2-user/.rvm/rubies/ruby-3.1.2/lib:/opt/sqlite/sqlite3/lib "gcc -o conftest -I/home/ec2-user/.rvm/rubies/ruby-3.1.2/include/ruby-3.1.0/x86_64-linux -I/home/ec2-user/.rvm/rubies/ruby-3.1.2/include/ruby-3.1.0/ruby/backward -I/home/ec2-user/.rvm/rubies/ruby-3.1.2/include/ruby-3.1.0 -I. -I/usr/local/opt/openssl/include -O3 -fno-fast-math -ggdb3 -Wall -Wextra -Wdeprecated-declarations -Wduplicated-cond -Wimplicit-function-declaration -Wimplicit-int -Wmisleading-indentation -Wpointer-arith -Wwrite-strings -Wimplicit-fallthrough=0 -Wmissing-noreturn -Wno-cast-function-type -Wno-constant-logical-operand -Wno-long-long -Wno-missing-field-initializers -Wno-overlength-strings -Wno-packed-bitfield-compat -Wno-parentheses-equality -Wno-self-assign -Wno-tautological-compare -Wno-unused-parameter -Wno-unused-value -Wsuggest-attribute=format -Wsuggest-attribute=noreturn -Wunused-variable -Wundef  -fPIC conftest.c  -L. -L/home/ec2-user/.rvm/rubies/ruby-3.1.2/lib -Wl,-rpath,/home/ec2-user/.rvm/rubies/ruby-3.1.2/lib -L/usr/local/opt/openssl/lib     -Wl,-rpath,'/../lib' -Wl,-rpath,'/../lib' -lruby  -lm  -lc"
checked program was:
/* begin */
1: #include "ruby.h"
2: 
3: int main(int argc, char **argv)
4: {
5:   return !!argv[argc];
6: }
/* end */

LD_LIBRARY_PATH=.:/home/ec2-user/.rvm/rubies/ruby-3.1.2/lib:/opt/sqlite/sqlite3/lib "gcc -o conftest -I/home/ec2-user/.rvm/rubies/ruby-3.1.2/include/ruby-3.1.0/x86_64-linux -I/home/ec2-user/.rvm/rubies/ruby-3.1.2/include/ruby-3.1.0/ruby/backward -I/home/ec2-user/.rvm/rubies/ruby-3.1.2/include/ruby-3.1.0 -I. -I/usr/local/opt/openssl/include -O3 -fno-fast-math -ggdb3 -Wall -Wextra -Wdeprecated-declarations -Wduplicated-cond -Wimplicit-function-declaration -Wimplicit-int -Wmisleading-indentation -Wpointer-arith -Wwrite-strings -Wimplicit-fallthrough=0 -Wmissing-noreturn -Wno-cast-function-type -Wno-constant-logical-operand -Wno-long-long -Wno-missing-field-initializers -Wno-overlength-strings -Wno-packed-bitfield-compat -Wno-parentheses-equality -Wno-self-assign -Wno-tautological-compare -Wno-unused-parameter -Wno-unused-value -Wsuggest-attribute=format -Wsuggest-attribute=noreturn -Wunused-variable -Wundef  -fPIC conftest.c  -L. -L/home/ec2-user/.rvm/rubies/ruby-3.1.2/lib -Wl,-rpath,/home/ec2-user/.rvm/rubies/ruby-3.1.2/lib -L/usr/local/opt/openssl/lib     -Wl,-rpath,'/../lib' -Wl,-rpath,'/../lib' -lruby  -lm  -lc"
checked program was:
/* begin */
 1: #include "ruby.h"
 2: 
 3: /*top*/
 4: extern int t(void);
 5: int main(int argc, char **argv)
 6: {
 7:   if (argc > 1000000) {
 8:     int (* volatile tp)(void)=(int (*)(void))&t;
 9:     printf("%d", (*tp)());
10:   }
11: 
12:   return !!argv[argc];
13: }
14: int t(void) { void ((*volatile p)()); p = (void ((*)()))rb_absint_size; return !p; }
/* end */

--------------------

have_func: checking for rb_absint_singlebit_p()... -------------------- yes

LD_LIBRARY_PATH=.:/home/ec2-user/.rvm/rubies/ruby-3.1.2/lib:/opt/sqlite/sqlite3/lib "gcc -o conftest -I/home/ec2-user/.rvm/rubies/ruby-3.1.2/include/ruby-3.1.0/x86_64-linux -I/home/ec2-user/.rvm/rubies/ruby-3.1.2/include/ruby-3.1.0/ruby/backward -I/home/ec2-user/.rvm/rubies/ruby-3.1.2/include/ruby-3.1.0 -I. -I/usr/local/opt/openssl/include -O3 -fno-fast-math -ggdb3 -Wall -Wextra -Wdeprecated-declarations -Wduplicated-cond -Wimplicit-function-declaration -Wimplicit-int -Wmisleading-indentation -Wpointer-arith -Wwrite-strings -Wimplicit-fallthrough=0 -Wmissing-noreturn -Wno-cast-function-type -Wno-constant-logical-operand -Wno-long-long -Wno-missing-field-initializers -Wno-overlength-strings -Wno-packed-bitfield-compat -Wno-parentheses-equality -Wno-self-assign -Wno-tautological-compare -Wno-unused-parameter -Wno-unused-value -Wsuggest-attribute=format -Wsuggest-attribute=noreturn -Wunused-variable -Wundef  -fPIC conftest.c  -L. -L/home/ec2-user/.rvm/rubies/ruby-3.1.2/lib -Wl,-rpath,/home/ec2-user/.rvm/rubies/ruby-3.1.2/lib -L/usr/local/opt/openssl/lib     -Wl,-rpath,'/../lib' -Wl,-rpath,'/../lib' -lruby  -lm  -lc"
checked program was:
/* begin */
 1: #include "ruby.h"
 2: 
 3: /*top*/
 4: extern int t(void);
 5: int main(int argc, char **argv)
 6: {
 7:   if (argc > 1000000) {
 8:     int (* volatile tp)(void)=(int (*)(void))&t;
 9:     printf("%d", (*tp)());
10:   }
11: 
12:   return !!argv[argc];
13: }
14: int t(void) { void ((*volatile p)()); p = (void ((*)()))rb_absint_singlebit_p; return !p; }
/* end */

--------------------

have_func: checking for rb_gc_mark_movable()... -------------------- yes

LD_LIBRARY_PATH=.:/home/ec2-user/.rvm/rubies/ruby-3.1.2/lib:/opt/sqlite/sqlite3/lib "gcc -o conftest -I/home/ec2-user/.rvm/rubies/ruby-3.1.2/include/ruby-3.1.0/x86_64-linux -I/home/ec2-user/.rvm/rubies/ruby-3.1.2/include/ruby-3.1.0/ruby/backward -I/home/ec2-user/.rvm/rubies/ruby-3.1.2/include/ruby-3.1.0 -I. -I/usr/local/opt/openssl/include -O3 -fno-fast-math -ggdb3 -Wall -Wextra -Wdeprecated-declarations -Wduplicated-cond -Wimplicit-function-declaration -Wimplicit-int -Wmisleading-indentation -Wpointer-arith -Wwrite-strings -Wimplicit-fallthrough=0 -Wmissing-noreturn -Wno-cast-function-type -Wno-constant-logical-operand -Wno-long-long -Wno-missing-field-initializers -Wno-overlength-strings -Wno-packed-bitfield-compat -Wno-parentheses-equality -Wno-self-assign -Wno-tautological-compare -Wno-unused-parameter -Wno-unused-value -Wsuggest-attribute=format -Wsuggest-attribute=noreturn -Wunused-variable -Wundef  -fPIC conftest.c  -L. -L/home/ec2-user/.rvm/rubies/ruby-3.1.2/lib -Wl,-rpath,/home/ec2-user/.rvm/rubies/ruby-3.1.2/lib -L/usr/local/opt/openssl/lib     -Wl,-rpath,'/../lib' -Wl,-rpath,'/../lib' -lruby  -lm  -lc"
checked program was:
/* begin */
 1: #include "ruby.h"
 2: 
 3: /*top*/
 4: extern int t(void);
 5: int main(int argc, char **argv)
 6: {
 7:   if (argc > 1000000) {
 8:     int (* volatile tp)(void)=(int (*)(void))&t;
 9:     printf("%d", (*tp)());
10:   }
11: 
12:   return !!argv[argc];
13: }
14: int t(void) { void ((*volatile p)()); p = (void ((*)()))rb_gc_mark_movable; return !p; }
/* end */

--------------------

have_func: checking for rb_wait_for_single_fd()... -------------------- yes

LD_LIBRARY_PATH=.:/home/ec2-user/.rvm/rubies/ruby-3.1.2/lib:/opt/sqlite/sqlite3/lib "gcc -o conftest -I/home/ec2-user/.rvm/rubies/ruby-3.1.2/include/ruby-3.1.0/x86_64-linux -I/home/ec2-user/.rvm/rubies/ruby-3.1.2/include/ruby-3.1.0/ruby/backward -I/home/ec2-user/.rvm/rubies/ruby-3.1.2/include/ruby-3.1.0 -I. -I/usr/local/opt/openssl/include -O3 -fno-fast-math -ggdb3 -Wall -Wextra -Wdeprecated-declarations -Wduplicated-cond -Wimplicit-function-declaration -Wimplicit-int -Wmisleading-indentation -Wpointer-arith -Wwrite-strings -Wimplicit-fallthrough=0 -Wmissing-noreturn -Wno-cast-function-type -Wno-constant-logical-operand -Wno-long-long -Wno-missing-field-initializers -Wno-overlength-strings -Wno-packed-bitfield-compat -Wno-parentheses-equality -Wno-self-assign -Wno-tautological-compare -Wno-unused-parameter -Wno-unused-value -Wsuggest-attribute=format -Wsuggest-attribute=noreturn -Wunused-variable -Wundef  -fPIC conftest.c  -L. -L/home/ec2-user/.rvm/rubies/ruby-3.1.2/lib -Wl,-rpath,/home/ec2-user/.rvm/rubies/ruby-3.1.2/lib -L/usr/local/opt/openssl/lib     -Wl,-rpath,'/../lib' -Wl,-rpath,'/../lib' -lruby  -lm  -lc"
conftest.c: In function ‘t’:
conftest.c:14:57: error: ‘rb_wait_for_single_fd’ undeclared (first use in this function)
 int t(void) { void ((*volatile p)()); p = (void ((*)()))rb_wait_for_single_fd; return !p; }
                                                         ^~~~~~~~~~~~~~~~~~~~~
conftest.c:14:57: note: each undeclared identifier is reported only once for each function it appears in
conftest.c: At top level:
cc1: warning: unrecognized command line option ‘-Wno-self-assign’
cc1: warning: unrecognized command line option ‘-Wno-parentheses-equality’
cc1: warning: unrecognized command line option ‘-Wno-constant-logical-operand’
cc1: warning: unrecognized command line option ‘-Wno-cast-function-type’
checked program was:
/* begin */
 1: #include "ruby.h"
 2: 
 3: /*top*/
 4: extern int t(void);
 5: int main(int argc, char **argv)
 6: {
 7:   if (argc > 1000000) {
 8:     int (* volatile tp)(void)=(int (*)(void))&t;
 9:     printf("%d", (*tp)());
10:   }
11: 
12:   return !!argv[argc];
13: }
14: int t(void) { void ((*volatile p)()); p = (void ((*)()))rb_wait_for_single_fd; return !p; }
/* end */

LD_LIBRARY_PATH=.:/home/ec2-user/.rvm/rubies/ruby-3.1.2/lib:/opt/sqlite/sqlite3/lib "gcc -o conftest -I/home/ec2-user/.rvm/rubies/ruby-3.1.2/include/ruby-3.1.0/x86_64-linux -I/home/ec2-user/.rvm/rubies/ruby-3.1.2/include/ruby-3.1.0/ruby/backward -I/home/ec2-user/.rvm/rubies/ruby-3.1.2/include/ruby-3.1.0 -I. -I/usr/local/opt/openssl/include -O3 -fno-fast-math -ggdb3 -Wall -Wextra -Wdeprecated-declarations -Wduplicated-cond -Wimplicit-function-declaration -Wimplicit-int -Wmisleading-indentation -Wpointer-arith -Wwrite-strings -Wimplicit-fallthrough=0 -Wmissing-noreturn -Wno-cast-function-type -Wno-constant-logical-operand -Wno-long-long -Wno-missing-field-initializers -Wno-overlength-strings -Wno-packed-bitfield-compat -Wno-parentheses-equality -Wno-self-assign -Wno-tautological-compare -Wno-unused-parameter -Wno-unused-value -Wsuggest-attribute=format -Wsuggest-attribute=noreturn -Wunused-variable -Wundef  -fPIC conftest.c  -L. -L/home/ec2-user/.rvm/rubies/ruby-3.1.2/lib -Wl,-rpath,/home/ec2-user/.rvm/rubies/ruby-3.1.2/lib -L/usr/local/opt/openssl/lib     -Wl,-rpath,'/../lib' -Wl,-rpath,'/../lib' -lruby  -lm  -lc"
checked program was:
/* begin */
 1: #include "ruby.h"
 2: 
 3: /*top*/
 4: extern int t(void);
 5: int main(int argc, char **argv)
 6: {
 7:   if (argc > 1000000) {
 8:     int (* volatile tp)(void)=(int (*)(void))&t;
 9:     printf("%d", (*tp)());
10:   }
11: 
12:   return !!argv[argc];
13: }
14: extern void rb_wait_for_single_fd();
15: int t(void) { rb_wait_for_single_fd(); return 0; }
/* end */

--------------------

have_func: checking for rb_enc_interned_str() in ruby.h... -------------------- yes

LD_LIBRARY_PATH=.:/home/ec2-user/.rvm/rubies/ruby-3.1.2/lib:/opt/sqlite/sqlite3/lib "gcc -o conftest -I/home/ec2-user/.rvm/rubies/ruby-3.1.2/include/ruby-3.1.0/x86_64-linux -I/home/ec2-user/.rvm/rubies/ruby-3.1.2/include/ruby-3.1.0/ruby/backward -I/home/ec2-user/.rvm/rubies/ruby-3.1.2/include/ruby-3.1.0 -I. -I/usr/local/opt/openssl/include -O3 -fno-fast-math -ggdb3 -Wall -Wextra -Wdeprecated-declarations -Wduplicated-cond -Wimplicit-function-declaration -Wimplicit-int -Wmisleading-indentation -Wpointer-arith -Wwrite-strings -Wimplicit-fallthrough=0 -Wmissing-noreturn -Wno-cast-function-type -Wno-constant-logical-operand -Wno-long-long -Wno-missing-field-initializers -Wno-overlength-strings -Wno-packed-bitfield-compat -Wno-parentheses-equality -Wno-self-assign -Wno-tautological-compare -Wno-unused-parameter -Wno-unused-value -Wsuggest-attribute=format -Wsuggest-attribute=noreturn -Wunused-variable -Wundef  -fPIC conftest.c  -L. -L/home/ec2-user/.rvm/rubies/ruby-3.1.2/lib -Wl,-rpath,/home/ec2-user/.rvm/rubies/ruby-3.1.2/lib -L/usr/local/opt/openssl/lib     -Wl,-rpath,'/../lib' -Wl,-rpath,'/../lib' -lruby  -lm  -lc"
conftest.c: In function ‘t’:
conftest.c:16:57: error: ‘rb_enc_interned_str’ undeclared (first use in this function); did you mean ‘rb_interned_str’?
 int t(void) { void ((*volatile p)()); p = (void ((*)()))rb_enc_interned_str; return !p; }
                                                         ^~~~~~~~~~~~~~~~~~~
                                                         rb_interned_str
conftest.c:16:57: note: each undeclared identifier is reported only once for each function it appears in
conftest.c: At top level:
cc1: warning: unrecognized command line option ‘-Wno-self-assign’
cc1: warning: unrecognized command line option ‘-Wno-parentheses-equality’
cc1: warning: unrecognized command line option ‘-Wno-constant-logical-operand’
cc1: warning: unrecognized command line option ‘-Wno-cast-function-type’
checked program was:
/* begin */
 1: #include "ruby.h"
 2: 
 3: #include <ruby.h>
 4: 
 5: /*top*/
 6: extern int t(void);
 7: int main(int argc, char **argv)
 8: {
 9:   if (argc > 1000000) {
10:     int (* volatile tp)(void)=(int (*)(void))&t;
11:     printf("%d", (*tp)());
12:   }
13: 
14:   return !!argv[argc];
15: }
16: int t(void) { void ((*volatile p)()); p = (void ((*)()))rb_enc_interned_str; return !p; }
/* end */

LD_LIBRARY_PATH=.:/home/ec2-user/.rvm/rubies/ruby-3.1.2/lib:/opt/sqlite/sqlite3/lib "gcc -o conftest -I/home/ec2-user/.rvm/rubies/ruby-3.1.2/include/ruby-3.1.0/x86_64-linux -I/home/ec2-user/.rvm/rubies/ruby-3.1.2/include/ruby-3.1.0/ruby/backward -I/home/ec2-user/.rvm/rubies/ruby-3.1.2/include/ruby-3.1.0 -I. -I/usr/local/opt/openssl/include -O3 -fno-fast-math -ggdb3 -Wall -Wextra -Wdeprecated-declarations -Wduplicated-cond -Wimplicit-function-declaration -Wimplicit-int -Wmisleading-indentation -Wpointer-arith -Wwrite-strings -Wimplicit-fallthrough=0 -Wmissing-noreturn -Wno-cast-function-type -Wno-constant-logical-operand -Wno-long-long -Wno-missing-field-initializers -Wno-overlength-strings -Wno-packed-bitfield-compat -Wno-parentheses-equality -Wno-self-assign -Wno-tautological-compare -Wno-unused-parameter -Wno-unused-value -Wsuggest-attribute=format -Wsuggest-attribute=noreturn -Wunused-variable -Wundef  -fPIC conftest.c  -L. -L/home/ec2-user/.rvm/rubies/ruby-3.1.2/lib -Wl,-rpath,/home/ec2-user/.rvm/rubies/ruby-3.1.2/lib -L/usr/local/opt/openssl/lib     -Wl,-rpath,'/../lib' -Wl,-rpath,'/../lib' -lruby  -lm  -lc"
checked program was:
/* begin */
 1: #include "ruby.h"
 2: 
 3: #include <ruby.h>
 4: 
 5: /*top*/
 6: extern int t(void);
 7: int main(int argc, char **argv)
 8: {
 9:   if (argc > 1000000) {
10:     int (* volatile tp)(void)=(int (*)(void))&t;
11:     printf("%d", (*tp)());
12:   }
13: 
14:   return !!argv[argc];
15: }
16: extern void rb_enc_interned_str();
17: int t(void) { rb_enc_interned_str(); return 0; }
/* end */

--------------------

